d:\microsoft\misterinterpret\misterinterpret\highfrequencypressureanalysis\x64\debug\vc143.pdb
d:\microsoft\misterinterpret\misterinterpret\highfrequencypressureanalysis\x64\debug\vc143.idb
d:\microsoft\misterinterpret\misterinterpret\highfrequencypressureanalysis\x64\debug\qrc_highfrequencypressureanalysis.obj
d:\microsoft\misterinterpret\misterinterpret\highfrequencypressureanalysis\x64\debug\dialogloaddata.obj
d:\microsoft\misterinterpret\misterinterpret\highfrequencypressureanalysis\x64\debug\workarea.obj
d:\microsoft\misterinterpret\misterinterpret\highfrequencypressureanalysis\x64\debug\historydatemodel.obj
d:\microsoft\misterinterpret\misterinterpret\highfrequencypressureanalysis\x64\debug\loadtablemodel.obj
d:\microsoft\misterinterpret\misterinterpret\highfrequencypressureanalysis\x64\debug\rubberbandzoom.obj
d:\microsoft\misterinterpret\misterinterpret\highfrequencypressureanalysis\x64\debug\graphplotsetting.obj
d:\microsoft\misterinterpret\misterinterpret\highfrequencypressureanalysis\x64\debug\numberitemdelegate.obj
d:\microsoft\misterinterpret\misterinterpret\highfrequencypressureanalysis\x64\debug\tablemodel.obj
d:\microsoft\misterinterpret\misterinterpret\highfrequencypressureanalysis\x64\debug\tableviewperpos.obj
d:\microsoft\misterinterpret\misterinterpret\highfrequencypressureanalysis\x64\debug\widgetfracper.obj
d:\microsoft\misterinterpret\misterinterpret\highfrequencypressureanalysis\x64\debug\dialogexportplotdata.obj
d:\microsoft\misterinterpret\misterinterpret\highfrequencypressureanalysis\x64\debug\unitchange.obj
d:\microsoft\misterinterpret\misterinterpret\highfrequencypressureanalysis\x64\debug\workareafracbasic.obj
d:\microsoft\misterinterpret\misterinterpret\highfrequencypressureanalysis\x64\debug\dialoghistorysetting.obj
d:\microsoft\misterinterpret\misterinterpret\highfrequencypressureanalysis\x64\debug\plottoolbar.obj
d:\microsoft\misterinterpret\misterinterpret\highfrequencypressureanalysis\x64\debug\tableviewcontroler.obj
d:\microsoft\misterinterpret\misterinterpret\highfrequencypressureanalysis\x64\debug\threadexportdata.obj
d:\microsoft\misterinterpret\misterinterpret\highfrequencypressureanalysis\x64\debug\dialogwaiting.obj
d:\microsoft\misterinterpret\misterinterpret\highfrequencypressureanalysis\x64\debug\plotopera.obj
d:\microsoft\misterinterpret\misterinterpret\highfrequencypressureanalysis\x64\debug\cpumemcal.obj
d:\microsoft\misterinterpret\misterinterpret\highfrequencypressureanalysis\x64\debug\dataprocess.obj
d:\microsoft\misterinterpret\misterinterpret\highfrequencypressureanalysis\x64\debug\messageboxcontroler.obj
d:\microsoft\misterinterpret\misterinterpret\highfrequencypressureanalysis\x64\debug\tableview.obj
d:\microsoft\misterinterpret\misterinterpret\highfrequencypressureanalysis\x64\debug\tablewidgetexportdata.obj
d:\microsoft\misterinterpret\misterinterpret\highfrequencypressureanalysis\x64\debug\exportplotdatamodel.obj
d:\microsoft\misterinterpret\misterinterpret\highfrequencypressureanalysis\x64\debug\widgetbasicfrac.obj
d:\microsoft\misterinterpret\misterinterpret\highfrequencypressureanalysis\x64\debug\datatypemap.obj
d:\microsoft\misterinterpret\misterinterpret\highfrequencypressureanalysis\x64\debug\historysettingmodel.obj
d:\microsoft\misterinterpret\misterinterpret\highfrequencypressureanalysis\x64\debug\readonlydelegate.obj
d:\microsoft\misterinterpret\misterinterpret\highfrequencypressureanalysis\x64\debug\tableviewloadhistory.obj
d:\microsoft\misterinterpret\misterinterpret\highfrequencypressureanalysis\x64\debug\threadreadhistorydata.obj
d:\microsoft\misterinterpret\misterinterpret\highfrequencypressureanalysis\x64\debug\highfrequencypressureanalysis.obj
d:\microsoft\misterinterpret\misterinterpret\highfrequencypressureanalysis\x64\debug\dialogwaitingreaddata.obj
d:\microsoft\misterinterpret\misterinterpret\highfrequencypressureanalysis\x64\debug\qcustomplot.obj
d:\microsoft\misterinterpret\misterinterpret\highfrequencypressureanalysis\x64\debug\dialogfracbasic.obj
d:\microsoft\misterinterpret\misterinterpret\highfrequencypressureanalysis\x64\debug\welldatacontroler.obj
d:\microsoft\misterinterpret\misterinterpret\highfrequencypressureanalysis\x64\debug\dialogparallel.obj
d:\microsoft\misterinterpret\misterinterpret\highfrequencypressureanalysis\x64\debug\plot.obj
d:\microsoft\misterinterpret\misterinterpret\highfrequencypressureanalysis\x64\debug\main.obj
d:\microsoft\misterinterpret\misterinterpret\highfrequencypressureanalysis\x64\debug\graph.obj
d:\microsoft\misterinterpret\misterinterpret\highfrequencypressureanalysis\x64\debug\toolbutton.obj
d:\microsoft\misterinterpret\misterinterpret\highfrequencypressureanalysis\x64\debug\category.obj
d:\microsoft\misterinterpret\misterinterpret\highfrequencypressureanalysis\x64\debug\appversion.obj
d:\microsoft\misterinterpret\misterinterpret\highfrequencypressureanalysis\x64\debug\historyloaddatamodel.obj
d:\microsoft\misterinterpret\misterinterpret\highfrequencypressureanalysis\x64\debug\rubberband.obj
d:\microsoft\misterinterpret\misterinterpret\highfrequencypressureanalysis\x64\debug\dialogparallelexport.obj
d:\microsoft\misterinterpret\misterinterpret\highfrequencypressureanalysis\x64\debug\plotwh.obj
d:\microsoft\misterinterpret\misterinterpret\highfrequencypressureanalysis\x64\debug\dialogfracper.obj
d:\microsoft\misterinterpret\misterinterpret\highfrequencypressureanalysis\x64\debug\welldatamodel.obj
d:\microsoft\misterinterpret\misterinterpret\highfrequencypressureanalysis\x64\debug\cpumemorylabel.obj
d:\microsoft\misterinterpret\misterinterpret\highfrequencypressureanalysis\x64\debug\moc_loadtablemodel.obj
d:\microsoft\misterinterpret\misterinterpret\highfrequencypressureanalysis\x64\debug\moc_qcustomplot.obj
d:\microsoft\misterinterpret\misterinterpret\highfrequencypressureanalysis\x64\debug\moc_dialogparallelexport.obj
d:\microsoft\misterinterpret\misterinterpret\highfrequencypressureanalysis\x64\debug\moc_tableviewperpos.obj
d:\microsoft\misterinterpret\misterinterpret\highfrequencypressureanalysis\x64\debug\moc_tablewidgetexportdata.obj
d:\microsoft\misterinterpret\misterinterpret\highfrequencypressureanalysis\x64\debug\moc_dialogfracper.obj
d:\microsoft\misterinterpret\misterinterpret\highfrequencypressureanalysis\x64\debug\moc_widgetfracper.obj
d:\microsoft\misterinterpret\misterinterpret\highfrequencypressureanalysis\x64\debug\moc_threadexportdata.obj
d:\microsoft\misterinterpret\misterinterpret\highfrequencypressureanalysis\x64\debug\moc_dialogwaiting.obj
d:\microsoft\misterinterpret\misterinterpret\highfrequencypressureanalysis\x64\debug\moc_plottoolbar.obj
d:\microsoft\misterinterpret\misterinterpret\highfrequencypressureanalysis\x64\debug\moc_threadreadhistorydata.obj
d:\microsoft\misterinterpret\misterinterpret\highfrequencypressureanalysis\x64\debug\moc_workarea.obj
d:\microsoft\misterinterpret\misterinterpret\highfrequencypressureanalysis\x64\debug\moc_plot.obj
d:\microsoft\misterinterpret\misterinterpret\highfrequencypressureanalysis\x64\debug\moc_dialoghistorysetting.obj
d:\microsoft\misterinterpret\misterinterpret\highfrequencypressureanalysis\x64\debug\moc_plotwh.obj
d:\microsoft\misterinterpret\misterinterpret\highfrequencypressureanalysis\x64\debug\moc_category.obj
d:\microsoft\misterinterpret\misterinterpret\highfrequencypressureanalysis\x64\debug\moc_widgetbasicfrac.obj
d:\microsoft\misterinterpret\misterinterpret\highfrequencypressureanalysis\x64\debug\moc_tablemodel.obj
d:\microsoft\misterinterpret\misterinterpret\highfrequencypressureanalysis\x64\debug\moc_cpumemorylabel.obj
d:\microsoft\misterinterpret\misterinterpret\highfrequencypressureanalysis\x64\debug\moc_dialogparallel.obj
d:\microsoft\misterinterpret\misterinterpret\highfrequencypressureanalysis\x64\debug\moc_rubberband.obj
d:\microsoft\misterinterpret\misterinterpret\highfrequencypressureanalysis\x64\debug\moc_dialogwaitingreaddata.obj
d:\microsoft\misterinterpret\misterinterpret\highfrequencypressureanalysis\x64\debug\moc_toolbutton.obj
d:\microsoft\misterinterpret\misterinterpret\highfrequencypressureanalysis\x64\debug\moc_tableviewloadhistory.obj
d:\microsoft\misterinterpret\misterinterpret\highfrequencypressureanalysis\x64\debug\moc_highfrequencypressureanalysis.obj
d:\microsoft\misterinterpret\misterinterpret\highfrequencypressureanalysis\x64\debug\moc_graph.obj
d:\microsoft\misterinterpret\misterinterpret\highfrequencypressureanalysis\x64\debug\moc_numberitemdelegate.obj
d:\microsoft\misterinterpret\misterinterpret\highfrequencypressureanalysis\x64\debug\moc_plotopera.obj
d:\microsoft\misterinterpret\misterinterpret\highfrequencypressureanalysis\x64\debug\moc_dialogfracbasic.obj
d:\microsoft\misterinterpret\misterinterpret\highfrequencypressureanalysis\x64\debug\moc_workareafracbasic.obj
d:\microsoft\misterinterpret\misterinterpret\highfrequencypressureanalysis\x64\debug\moc_dialogloaddata.obj
d:\microsoft\misterinterpret\misterinterpret\highfrequencypressureanalysis\x64\debug\moc_tableview.obj
d:\microsoft\misterinterpret\misterinterpret\highfrequencypressureanalysis\x64\debug\moc_welldatacontroler.obj
d:\microsoft\misterinterpret\misterinterpret\highfrequencypressureanalysis\x64\debug\moc_readonlydelegate.obj
d:\microsoft\misterinterpret\misterinterpret\highfrequencypressureanalysis\x64\debug\moc_rubberbandzoom.obj
d:\microsoft\misterinterpret\misterinterpret\highfrequencypressureanalysis\x64\debug\moc_dialogexportplotdata.obj
d:\microsoft\misterinterpret\misterinterpret\highfrequencypressureanalysis\x64\debug\qt\uic\ui_dialogexportplotdata.h
d:\microsoft\misterinterpret\misterinterpret\highfrequencypressureanalysis\x64\debug\qt\uic\ui_dialogfracbasic.h
d:\microsoft\misterinterpret\misterinterpret\highfrequencypressureanalysis\x64\debug\qt\uic\ui_dialogfracper.h
d:\microsoft\misterinterpret\misterinterpret\highfrequencypressureanalysis\x64\debug\qt\uic\ui_dialoghistorysetting.h
d:\microsoft\misterinterpret\misterinterpret\highfrequencypressureanalysis\x64\debug\qt\uic\ui_dialogloaddata.h
d:\microsoft\misterinterpret\misterinterpret\highfrequencypressureanalysis\x64\debug\qt\uic\ui_dialogparallel.h
d:\microsoft\misterinterpret\misterinterpret\highfrequencypressureanalysis\x64\debug\qt\uic\ui_dialogwaiting.h
d:\microsoft\misterinterpret\misterinterpret\highfrequencypressureanalysis\x64\debug\qt\uic\ui_widgetbasicfrac.h
d:\microsoft\misterinterpret\misterinterpret\highfrequencypressureanalysis\x64\debug\qt\uic\ui_widgetfracper.h
d:\microsoft\misterinterpret\misterinterpret\highfrequencypressureanalysis\x64\debug\qt\uic\ui_workarea.h
d:\microsoft\misterinterpret\misterinterpret\highfrequencypressureanalysis\x64\debug\qt\uic\ui_workareafracbasic.h
d:\microsoft\misterinterpret\misterinterpret\highfrequencypressureanalysis\x64\debug\qt\rcc\qrc_highfrequencypressureanalysis.cpp
d:\microsoft\misterinterpret\misterinterpret\highfrequencypressureanalysis\x64\debug\qt\moc\moc_highfrequencypressureanalysis.cpp
d:\microsoft\misterinterpret\misterinterpret\highfrequencypressureanalysis\x64\debug\qt\moc\moc_category.cpp
d:\microsoft\misterinterpret\misterinterpret\highfrequencypressureanalysis\x64\debug\qt\moc\moc_dialogfracbasic.cpp
d:\microsoft\misterinterpret\misterinterpret\highfrequencypressureanalysis\x64\debug\qt\moc\moc_graph.cpp
d:\microsoft\misterinterpret\misterinterpret\highfrequencypressureanalysis\x64\debug\qt\moc\moc_dialogfracper.cpp
d:\microsoft\misterinterpret\misterinterpret\highfrequencypressureanalysis\x64\debug\qt\moc\moc_dialogloaddata.cpp
d:\microsoft\misterinterpret\misterinterpret\highfrequencypressureanalysis\x64\debug\qt\moc\moc_dialogwaitingreaddata.cpp
d:\microsoft\misterinterpret\misterinterpret\highfrequencypressureanalysis\x64\debug\qt\moc\moc_dialogwaiting.cpp
d:\microsoft\misterinterpret\misterinterpret\highfrequencypressureanalysis\x64\debug\qt\moc\moc_dialoghistorysetting.cpp
d:\microsoft\misterinterpret\misterinterpret\highfrequencypressureanalysis\x64\debug\qt\moc\moc_dialogexportplotdata.cpp
d:\microsoft\misterinterpret\misterinterpret\highfrequencypressureanalysis\x64\debug\qt\moc\moc_dialogparallelexport.cpp
d:\microsoft\misterinterpret\misterinterpret\highfrequencypressureanalysis\x64\debug\qt\moc\moc_dialogparallel.cpp
d:\microsoft\misterinterpret\misterinterpret\highfrequencypressureanalysis\x64\debug\qt\moc\moc_loadtablemodel.cpp
d:\microsoft\misterinterpret\misterinterpret\highfrequencypressureanalysis\x64\debug\qt\moc\moc_readonlydelegate.cpp
d:\microsoft\misterinterpret\misterinterpret\highfrequencypressureanalysis\x64\debug\qt\moc\moc_numberitemdelegate.cpp
d:\microsoft\misterinterpret\misterinterpret\highfrequencypressureanalysis\x64\debug\qt\moc\moc_plot.cpp
d:\microsoft\misterinterpret\misterinterpret\highfrequencypressureanalysis\x64\debug\qt\moc\moc_qcustomplot.cpp
d:\microsoft\misterinterpret\misterinterpret\highfrequencypressureanalysis\x64\debug\qt\moc\moc_plottoolbar.cpp
d:\microsoft\misterinterpret\misterinterpret\highfrequencypressureanalysis\x64\debug\qt\moc\moc_rubberband.cpp
d:\microsoft\misterinterpret\misterinterpret\highfrequencypressureanalysis\x64\debug\qt\moc\moc_rubberbandzoom.cpp
d:\microsoft\misterinterpret\misterinterpret\highfrequencypressureanalysis\x64\debug\qt\moc\moc_plotopera.cpp
d:\microsoft\misterinterpret\misterinterpret\highfrequencypressureanalysis\x64\debug\qt\moc\moc_plotwh.cpp
d:\microsoft\misterinterpret\misterinterpret\highfrequencypressureanalysis\x64\debug\qt\moc\moc_widgetbasicfrac.cpp
d:\microsoft\misterinterpret\misterinterpret\highfrequencypressureanalysis\x64\debug\qt\moc\moc_workareafracbasic.cpp
d:\microsoft\misterinterpret\misterinterpret\highfrequencypressureanalysis\x64\debug\qt\moc\moc_widgetfracper.cpp
d:\microsoft\misterinterpret\misterinterpret\highfrequencypressureanalysis\x64\debug\qt\moc\moc_tableview.cpp
d:\microsoft\misterinterpret\misterinterpret\highfrequencypressureanalysis\x64\debug\qt\moc\moc_tableviewperpos.cpp
d:\microsoft\misterinterpret\misterinterpret\highfrequencypressureanalysis\x64\debug\qt\moc\moc_toolbutton.cpp
d:\microsoft\misterinterpret\misterinterpret\highfrequencypressureanalysis\x64\debug\qt\moc\moc_threadreadhistorydata.cpp
d:\microsoft\misterinterpret\misterinterpret\highfrequencypressureanalysis\x64\debug\qt\moc\moc_tableviewloadhistory.cpp
d:\microsoft\misterinterpret\misterinterpret\highfrequencypressureanalysis\x64\debug\qt\moc\moc_tablemodel.cpp
d:\microsoft\misterinterpret\misterinterpret\highfrequencypressureanalysis\x64\debug\qt\moc\moc_threadexportdata.cpp
d:\microsoft\misterinterpret\misterinterpret\highfrequencypressureanalysis\x64\debug\qt\moc\moc_tablewidgetexportdata.cpp
d:\microsoft\misterinterpret\misterinterpret\highfrequencypressureanalysis\x64\debug\qt\moc\moc_welldatacontroler.cpp
d:\microsoft\misterinterpret\misterinterpret\highfrequencypressureanalysis\x64\debug\qt\moc\moc_workarea.cpp
d:\microsoft\misterinterpret\misterinterpret\highfrequencypressureanalysis\x64\debug\qt\moc\moc_cpumemorylabel.cpp
d:\microsoft\misterinterpret\misterinterpret\x64\debug\highfrequencypressureanalysis.exe
d:\microsoft\misterinterpret\misterinterpret\x64\debug\highfrequencypressureanalysis.pdb
d:\microsoft\misterinterpret\misterinterpret\highfrequencypressureanalysis\x64\debug\highfrequencypressureanalysis.res
d:\microsoft\misterinterpret\misterinterpret\highfrequencypressureanalysis\x64\debug\highfrequencypressureanalysis.ilk
d:\microsoft\misterinterpret\misterinterpret\highfrequencypressureanalysis\x64\debug\highfreq.bb740f6b.tlog\cl.command.1.tlog
d:\microsoft\misterinterpret\misterinterpret\highfrequencypressureanalysis\x64\debug\highfreq.bb740f6b.tlog\cl.items.tlog
d:\microsoft\misterinterpret\misterinterpret\highfrequencypressureanalysis\x64\debug\highfreq.bb740f6b.tlog\cl.read.1.tlog
d:\microsoft\misterinterpret\misterinterpret\highfrequencypressureanalysis\x64\debug\highfreq.bb740f6b.tlog\cl.write.1.tlog
d:\microsoft\misterinterpret\misterinterpret\highfrequencypressureanalysis\x64\debug\highfreq.bb740f6b.tlog\highfrequencypressureanalysis.write.1u.tlog
d:\microsoft\misterinterpret\misterinterpret\highfrequencypressureanalysis\x64\debug\highfreq.bb740f6b.tlog\link.command.1.tlog
d:\microsoft\misterinterpret\misterinterpret\highfrequencypressureanalysis\x64\debug\highfreq.bb740f6b.tlog\link.read.1.tlog
d:\microsoft\misterinterpret\misterinterpret\highfrequencypressureanalysis\x64\debug\highfreq.bb740f6b.tlog\link.secondary.1.tlog
d:\microsoft\misterinterpret\misterinterpret\highfrequencypressureanalysis\x64\debug\highfreq.bb740f6b.tlog\link.write.1.tlog
d:\microsoft\misterinterpret\misterinterpret\highfrequencypressureanalysis\x64\debug\highfreq.bb740f6b.tlog\moc.read.1u.tlog
d:\microsoft\misterinterpret\misterinterpret\highfrequencypressureanalysis\x64\debug\highfreq.bb740f6b.tlog\moc.write.1u.tlog
d:\microsoft\misterinterpret\misterinterpret\highfrequencypressureanalysis\x64\debug\highfreq.bb740f6b.tlog\rc.command.1.tlog
d:\microsoft\misterinterpret\misterinterpret\highfrequencypressureanalysis\x64\debug\highfreq.bb740f6b.tlog\rc.read.1.tlog
d:\microsoft\misterinterpret\misterinterpret\highfrequencypressureanalysis\x64\debug\highfreq.bb740f6b.tlog\rc.write.1.tlog
d:\microsoft\misterinterpret\misterinterpret\highfrequencypressureanalysis\x64\debug\highfreq.bb740f6b.tlog\rcc.read.1u.tlog
d:\microsoft\misterinterpret\misterinterpret\highfrequencypressureanalysis\x64\debug\highfreq.bb740f6b.tlog\rcc.write.1u.tlog
d:\microsoft\misterinterpret\misterinterpret\highfrequencypressureanalysis\x64\debug\highfreq.bb740f6b.tlog\uic.read.1u.tlog
d:\microsoft\misterinterpret\misterinterpret\highfrequencypressureanalysis\x64\debug\highfreq.bb740f6b.tlog\uic.write.1u.tlog
